<?xml version="1.0" encoding="UTF-8"?>
<testng-results total="1" passed="1" failed="0" skipped="0">
  <reporter-output>
  </reporter-output>
  <suite started-at="2020-01-15T11:54:56Z" name="Default suite" finished-at="2020-01-15T11:54:59Z" duration-ms="3137">
    <groups>
    </groups>
    <test started-at="2020-01-15T11:54:56Z" name="Default test" finished-at="2020-01-15T11:54:59Z" duration-ms="3137">
      <class name="Testcases.Test5">
        <test-method signature="getweatherdetails()[pri:0, instance:Testcases.Test5@780cb77]" started-at="2020-01-15T17:24:56Z" name="getweatherdetails" finished-at="2020-01-15T17:24:59Z" duration-ms="3106" status="PASS">
          <reporter-output>
          </reporter-output>
        </test-method> <!-- getweatherdetails -->
      </class> <!-- Testcases.Test5 -->
    </test> <!-- Default test -->
  </suite> <!-- Default suite -->
</testng-results>
